<testsuites name="Mocha Tests">
  <testsuite name="test suite description" tests="9" errors="0" failures="0" skipped="0" timestamp="2020-03-17T14:33:41" time="0.051">
    <testcase classname="test suite description" name="test case description" time="0.002">
    </testcase>
    <testcase classname="test suite description" name="test case description" time="0">
    </testcase>
    <testcase classname="test suite description" name="test case description" time="0">
    </testcase>
    <testcase classname="test suite description" name="test case description" time="0">
    </testcase>
    <testcase classname="test suite description" name="test case description" time="0">
    </testcase>
    <testcase classname="test suite description" name="test case description" time="0">
    </testcase>
    <testcase classname="test suite description" name="test case description" time="0">
    </testcase>
    <testcase classname="test suite description" name="test case description" time="0">
    </testcase>
    <testcase classname="test suite description" name="test case description" time="0">
    </testcase>
  </testsuite>
</testsuites>